[0.114s] Invoking command in '/home/ros2/d2lros2/chapt3/chapt3_ws/build/example_topic_rclcpp': CMAKE_PREFIX_PATH=/opt/ros/humble /usr/bin/cmake /home/ros2/d2lros2/chapt3/chapt3_ws/src/example_topic_rclcpp -DCMAKE_INSTALL_PREFIX=/home/ros2/d2lros2/chapt3/chapt3_ws/install/example_topic_rclcpp
[0.163s] -- Found ament_cmake: 1.3.5 (/opt/ros/humble/share/ament_cmake/cmake)
[0.490s] -- Found Python3: /usr/bin/python3.10 (found version "3.10.12") found components: Interpreter 
[0.696s] -- Found rclcpp: 16.0.6 (/opt/ros/humble/share/rclcpp/cmake)
[0.825s] -- Found rosidl_generator_c: 3.1.5 (/opt/ros/humble/share/rosidl_generator_c/cmake)
[0.839s] -- Found rosidl_adapter: 3.1.5 (/opt/ros/humble/share/rosidl_adapter/cmake)
[0.865s] -- Found rosidl_generator_cpp: 3.1.5 (/opt/ros/humble/share/rosidl_generator_cpp/cmake)
[0.903s] -- Using all available rosidl_typesupport_c: rosidl_typesupport_fastrtps_c;rosidl_typesupport_introspection_c
[0.961s] -- Using all available rosidl_typesupport_cpp: rosidl_typesupport_fastrtps_cpp;rosidl_typesupport_introspection_cpp
[1.189s] -- Found rmw_implementation_cmake: 6.1.1 (/opt/ros/humble/share/rmw_implementation_cmake/cmake)
[1.200s] -- Found rmw_fastrtps_cpp: 6.2.4 (/opt/ros/humble/share/rmw_fastrtps_cpp/cmake)
[1.516s] -- Found OpenSSL: /usr/lib/x86_64-linux-gnu/libcrypto.so (found version "3.0.2")  
[1.579s] -- Found FastRTPS: /opt/ros/humble/include  
[1.677s] -- Using RMW implementation 'rmw_fastrtps_cpp' as default
[1.709s] -- Looking for pthread.h
[1.909s] -- Looking for pthread.h - found
[1.911s] -- Performing Test CMAKE_HAVE_LIBC_PTHREAD
[2.125s] -- Performing Test CMAKE_HAVE_LIBC_PTHREAD - Success
[2.127s] -- Found Threads: TRUE  
[2.585s] -- Found ament_lint_auto: 0.12.8 (/opt/ros/humble/share/ament_lint_auto/cmake)
[2.783s] -- Added test 'cppcheck' to perform static code analysis on C / C++ code
[2.784s] -- Configured cppcheck include dirs: 
[2.784s] -- Configured cppcheck exclude dirs and/or files: 
[2.786s] -- Added test 'lint_cmake' to check CMake code style
[2.789s] -- Added test 'uncrustify' to check C / C++ code style
[2.789s] -- Configured uncrustify additional arguments: 
[2.791s] -- Added test 'xmllint' to check XML markup files
[2.799s] -- Configuring done
[2.822s] -- Generating done
[2.826s] -- Build files have been written to: /home/ros2/d2lros2/chapt3/chapt3_ws/build/example_topic_rclcpp
[2.847s] Invoked command in '/home/ros2/d2lros2/chapt3/chapt3_ws/build/example_topic_rclcpp' returned '0': CMAKE_PREFIX_PATH=/opt/ros/humble /usr/bin/cmake /home/ros2/d2lros2/chapt3/chapt3_ws/src/example_topic_rclcpp -DCMAKE_INSTALL_PREFIX=/home/ros2/d2lros2/chapt3/chapt3_ws/install/example_topic_rclcpp
[2.852s] Invoking command in '/home/ros2/d2lros2/chapt3/chapt3_ws/build/example_topic_rclcpp': CMAKE_PREFIX_PATH=/opt/ros/humble /usr/bin/cmake --build /home/ros2/d2lros2/chapt3/chapt3_ws/build/example_topic_rclcpp -- -j4 -l4
[2.978s] [ 50%] [32mBuilding CXX object CMakeFiles/topic_publisher_01.dir/src/topic_publisher_01.cpp.o[0m
[3.037s] [100%] [32m[1mLinking CXX executable topic_publisher_01[0m
[3.222s] /usr/bin/ld: /usr/lib/gcc/x86_64-linux-gnu/11/../../../x86_64-linux-gnu/Scrt1.o: in function `_start':
[3.222s] (.text+0x1b): undefined reference to `main'
[3.226s] collect2: error: ld returned 1 exit status
[3.230s] gmake[2]: *** [CMakeFiles/topic_publisher_01.dir/build.make:151: topic_publisher_01] Error 1
[3.230s] gmake[1]: *** [CMakeFiles/Makefile2:137: CMakeFiles/topic_publisher_01.dir/all] Error 2
[3.231s] gmake: *** [Makefile:146: all] Error 2
[3.237s] Invoked command in '/home/ros2/d2lros2/chapt3/chapt3_ws/build/example_topic_rclcpp' returned '2': CMAKE_PREFIX_PATH=/opt/ros/humble /usr/bin/cmake --build /home/ros2/d2lros2/chapt3/chapt3_ws/build/example_topic_rclcpp -- -j4 -l4
