[35m[1mConsolidate compiler generated dependencies of target service_client_01[0m
[35m[1mConsolidate compiler generated dependencies of target service_server_01[0m
[ 25%] [32mBuilding CXX object CMakeFiles/service_client_01.dir/src/service_client_01.cpp.o[0m
[ 75%] Built target service_server_01
[01m[K/home/ros2/d2lros2/chapt3/chapt3_ws/src/example_service_rclcpp/src/service_client_01.cpp:37:40:[m[K [01;31m[Kerror: [m[Kâ€˜[01m[Kexample_interfacese[m[Kâ€™ was not declared in this scope; did you mean â€˜[01m[Kexample_interfaces[m[Kâ€™?
   37 |   void result_callback_(rclcpp::Client<[01;31m[Kexample_interfacese[m[K::srv::AddTwoInts>::SharedFuture result_future){
      |                                        [01;31m[K^~~~~~~~~~~~~~~~~~~[m[K
      |                                        [32m[Kexample_interfaces[m[K
[01m[K/home/ros2/d2lros2/chapt3/chapt3_ws/src/example_service_rclcpp/src/service_client_01.cpp:37:76:[m[K [01;31m[Kerror: [m[Ktemplate argument 1 is invalid
   37 |   void result_callback_(rclcpp::Client<example_interfacese::srv::AddTwoInts[01;31m[K>[m[K::SharedFuture result_future){
      |                                                                            [01;31m[K^[m[K
[01m[K/home/ros2/d2lros2/chapt3/chapt3_ws/src/example_service_rclcpp/src/service_client_01.cpp:37:40:[m[K [01;31m[Kerror: [m[Kâ€˜[01m[Kexample_interfacese[m[Kâ€™ was not declared in this scope; did you mean â€˜[01m[Kexample_interfaces[m[Kâ€™?
   37 |   void result_callback_(rclcpp::Client<[01;31m[Kexample_interfacese[m[K::srv::AddTwoInts>::SharedFuture result_future){
      |                                        [01;31m[K^~~~~~~~~~~~~~~~~~~[m[K
      |                                        [32m[Kexample_interfaces[m[K
[01m[K/home/ros2/d2lros2/chapt3/chapt3_ws/src/example_service_rclcpp/src/service_client_01.cpp:37:76:[m[K [01;31m[Kerror: [m[Ktemplate argument 1 is invalid
   37 |   void result_callback_(rclcpp::Client<example_interfacese::srv::AddTwoInts[01;31m[K>[m[K::SharedFuture result_future){
      |                                                                            [01;31m[K^[m[K
[01m[K/home/ros2/d2lros2/chapt3/chapt3_ws/src/example_service_rclcpp/src/service_client_01.cpp:37:40:[m[K [01;31m[Kerror: [m[Kâ€˜[01m[Kexample_interfacese[m[Kâ€™ was not declared in this scope; did you mean â€˜[01m[Kexample_interfaces[m[Kâ€™?
   37 |   void result_callback_(rclcpp::Client<[01;31m[Kexample_interfacese[m[K::srv::AddTwoInts>::SharedFuture result_future){
      |                                        [01;31m[K^~~~~~~~~~~~~~~~~~~[m[K
      |                                        [32m[Kexample_interfaces[m[K
[01m[K/home/ros2/d2lros2/chapt3/chapt3_ws/src/example_service_rclcpp/src/service_client_01.cpp:37:76:[m[K [01;31m[Kerror: [m[Ktemplate argument 1 is invalid
   37 |   void result_callback_(rclcpp::Client<example_interfacese::srv::AddTwoInts[01;31m[K>[m[K::SharedFuture result_future){
      |                                                                            [01;31m[K^[m[K
[01m[K/home/ros2/d2lros2/chapt3/chapt3_ws/src/example_service_rclcpp/src/service_client_01.cpp:37:25:[m[K [01;31m[Kerror: [m[Kinvalid template-id
   37 |   void result_callback_([01;31m[Krclcpp[m[K::Client<example_interfacese::srv::AddTwoInts>::SharedFuture result_future){
      |                         [01;31m[K^~~~~~[m[K
[01m[K/home/ros2/d2lros2/chapt3/chapt3_ws/src/example_service_rclcpp/src/service_client_01.cpp:37:40:[m[K [01;31m[Kerror: [m[Kâ€˜[01m[Kexample_interfacese[m[Kâ€™ has not been declared
   37 |   void result_callback_(rclcpp::Client<[01;31m[Kexample_interfacese[m[K::srv::AddTwoInts>::SharedFuture result_future){
      |                                        [01;31m[K^~~~~~~~~~~~~~~~~~~[m[K
[01m[K/home/ros2/d2lros2/chapt3/chapt3_ws/src/example_service_rclcpp/src/service_client_01.cpp:37:92:[m[K [01;31m[Kerror: [m[Kexpected unqualified-id before â€˜[01m[Kresult_future[m[Kâ€™
   37 |   void result_callback_(rclcpp::Client<example_interfacese::srv::AddTwoInts>::SharedFuture [01;31m[Kresult_future[m[K){
      |                                                                                            [01;31m[K^~~~~~~~~~~~~[m[K
[01m[K/home/ros2/d2lros2/chapt3/chapt3_ws/src/example_service_rclcpp/src/service_client_01.cpp:37:91:[m[K [01;31m[Kerror: [m[Kexpected â€˜[01m[K)[m[Kâ€™ before â€˜[01m[Kresult_future[m[Kâ€™
   37 |   void result_callback_[34m[K([m[Krclcpp::Client<example_interfacese::srv::AddTwoInts>::SharedFuture[01;31m[K [m[K[32m[Kresult_future[m[K){
      |                        [34m[K~[m[K                                                                  [01;31m[K^[m[K[32m[K~~~~~~~~~~~~~[m[K
      |                                                                                           [32m[K)[m[K
[01m[K/home/ros2/d2lros2/chapt3/chapt3_ws/src/example_service_rclcpp/src/service_client_01.cpp:37:79:[m[K [01;31m[Kerror: [m[Kexpected â€˜[01m[K;[m[Kâ€™ at end of member declaration
   37 |   void result_callback_(rclcpp::Client<example_interfacese::srv::AddTwoInts>::[01;31m[KSharedFuture[m[K result_future){
      |                                                                               [01;31m[K^~~~~~~~~~~~[m[K
      |                                                                                           [32m[K;[m[K
[01m[K/home/ros2/d2lros2/chapt3/chapt3_ws/src/example_service_rclcpp/src/service_client_01.cpp:37:92:[m[K [01;31m[Kerror: [m[Kâ€˜[01m[Kresult_future[m[Kâ€™ does not name a type
   37 |   void result_callback_(rclcpp::Client<example_interfacese::srv::AddTwoInts>::SharedFuture [01;31m[Kresult_future[m[K){
      |                                                                                            [01;31m[K^~~~~~~~~~~~~[m[K
[01m[K/home/ros2/d2lros2/chapt3/chapt3_ws/src/example_service_rclcpp/src/service_client_01.cpp:[m[K In constructor â€˜[01m[KServiceClient01::ServiceClient01(std::string)[m[Kâ€™:
[01m[K/home/ros2/d2lros2/chapt3/chapt3_ws/src/example_service_rclcpp/src/service_client_01.cpp:10:35:[m[K [01;31m[Kerror: [m[Kâ€˜[01m[Kexample_interface[m[Kâ€™ was not declared in this scope; did you mean â€˜[01m[Kexample_interfaces[m[Kâ€™?
   10 |     client_ = this->create_client<[01;31m[Kexample_interface[m[K::srv::AddTwoInts>("add_two_ints_srv");
      |                                   [01;31m[K^~~~~~~~~~~~~~~~~[m[K
      |                                   [32m[Kexample_interfaces[m[K
[01m[K/home/ros2/d2lros2/chapt3/chapt3_ws/src/example_service_rclcpp/src/service_client_01.cpp:10:21:[m[K [01;31m[Kerror: [m[Kparse error in template argument list
   10 |     client_ = this->[01;31m[Kcreate_client<example_interface::srv::AddTwoInts>[m[K("add_two_ints_srv");
      |                     [01;31m[K^~~~~~~~~~~~~~~~~~~~~~~~~~~~~~~~~~~~~~~~~~~~~~~~~[m[K
[01m[K/home/ros2/d2lros2/chapt3/chapt3_ws/src/example_service_rclcpp/src/service_client_01.cpp:10:70:[m[K [01;31m[Kerror: [m[Kno matching function for call to â€˜[01m[KServiceClient01::create_client<<expression error> >(const char [17])[m[Kâ€™
   10 |     client_ = [01;31m[Kthis->create_client<example_interface::srv::AddTwoInts>("add_two_ints_srv")[m[K;
      |               [01;31m[K~~~~~~~~~~~~~~~~~~~~~~~~~~~~~~~~~~~~~~~~~~~~~~~~~~~~~~~^~~~~~~~~~~~~~~~~~~~[m[K
In file included from [01m[K/opt/ros/humble/include/rclcpp/rclcpp/executors/single_threaded_executor.hpp:28[m[K,
                 from [01m[K/opt/ros/humble/include/rclcpp/rclcpp/executors.hpp:22[m[K,
                 from [01m[K/opt/ros/humble/include/rclcpp/rclcpp/rclcpp.hpp:155[m[K,
                 from [01m[K/home/ros2/d2lros2/chapt3/chapt3_ws/src/example_service_rclcpp/src/service_client_01.cpp:1[m[K:
[01m[K/opt/ros/humble/include/rclcpp/rclcpp/node.hpp:252:3:[m[K [01;36m[Knote: [m[Kcandidate: â€˜[01m[Ktemplate<class ServiceT> typename rclcpp::Client<ServiceT>::SharedPtr rclcpp::Node::create_client(const string&, const rmw_qos_profile_t&, rclcpp::CallbackGroup::SharedPtr)[m[Kâ€™
  252 |   [01;36m[Kcreate_client[m[K(
      |   [01;36m[K^~~~~~~~~~~~~[m[K
[01m[K/opt/ros/humble/include/rclcpp/rclcpp/node.hpp:252:3:[m[K [01;36m[Knote: [m[K  template argument deduction/substitution failed:
[01m[K/home/ros2/d2lros2/chapt3/chapt3_ws/src/example_service_rclcpp/src/service_client_01.cpp:10:70:[m[K [01;31m[Kerror: [m[Ktemplate argument 1 is invalid
   10 |     client_ = [01;31m[Kthis->create_client<example_interface::srv::AddTwoInts>("add_two_ints_srv")[m[K;
      |               [01;31m[K~~~~~~~~~~~~~~~~~~~~~~~~~~~~~~~~~~~~~~~~~~~~~~~~~~~~~~~^~~~~~~~~~~~~~~~~~~~[m[K
[01m[K/home/ros2/d2lros2/chapt3/chapt3_ws/src/example_service_rclcpp/src/service_client_01.cpp:[m[K In member function â€˜[01m[Kvoid ServiceClient01::send_request(int, int)[m[Kâ€™:
[01m[K/home/ros2/d2lros2/chapt3/chapt3_ws/src/example_service_rclcpp/src/service_client_01.cpp:27:5:[m[K [01;31m[Kerror: [m[Kâ€˜[01m[Krequest[m[Kâ€™ was not declared in this scope; did you mean â€˜[01m[Krequests[m[Kâ€™?
   27 |     [01;31m[Krequest[m[K->a = a;
      |     [01;31m[K^~~~~~~[m[K
      |     [32m[Krequests[m[K
gmake[2]: *** [CMakeFiles/service_client_01.dir/build.make:76: CMakeFiles/service_client_01.dir/src/service_client_01.cpp.o] Error 1
gmake[1]: *** [CMakeFiles/Makefile2:139: CMakeFiles/service_client_01.dir/all] Error 2
gmake: *** [Makefile:146: all] Error 2
