[0.106s] Invoking command in '/home/ros2/d2lros2/chapt3/chapt3_ws/build/example_service_rclcpp': CMAKE_PREFIX_PATH=${CMAKE_PREFIX_PATH}:/opt/ros/humble /usr/bin/cmake --build /home/ros2/d2lros2/chapt3/chapt3_ws/build/example_service_rclcpp -- -j4 -l4
[0.207s] [35m[1mConsolidate compiler generated dependencies of target service_client_01[0m
[0.218s] [35m[1mConsolidate compiler generated dependencies of target service_server_01[0m
[0.267s] [ 25%] [32mBuilding CXX object CMakeFiles/service_client_01.dir/src/service_client_01.cpp.o[0m
[0.301s] [ 75%] Built target service_server_01
[4.606s] [01m[K/home/ros2/d2lros2/chapt3/chapt3_ws/src/example_service_rclcpp/src/service_client_01.cpp:37:40:[m[K [01;31m[Kerror: [m[Kâ€˜[01m[Kexample_interfacese[m[Kâ€™ was not declared in this scope; did you mean â€˜[01m[Kexample_interfaces[m[Kâ€™?
[4.607s]    37 |   void result_callback_(rclcpp::Client<[01;31m[Kexample_interfacese[m[K::srv::AddTwoInts>::SharedFuture result_future){
[4.607s]       |                                        [01;31m[K^~~~~~~~~~~~~~~~~~~[m[K
[4.607s]       |                                        [32m[Kexample_interfaces[m[K
[4.607s] [01m[K/home/ros2/d2lros2/chapt3/chapt3_ws/src/example_service_rclcpp/src/service_client_01.cpp:37:76:[m[K [01;31m[Kerror: [m[Ktemplate argument 1 is invalid
[4.608s]    37 |   void result_callback_(rclcpp::Client<example_interfacese::srv::AddTwoInts[01;31m[K>[m[K::SharedFuture result_future){
[4.608s]       |                                                                            [01;31m[K^[m[K
[4.623s] [01m[K/home/ros2/d2lros2/chapt3/chapt3_ws/src/example_service_rclcpp/src/service_client_01.cpp:37:40:[m[K [01;31m[Kerror: [m[Kâ€˜[01m[Kexample_interfacese[m[Kâ€™ was not declared in this scope; did you mean â€˜[01m[Kexample_interfaces[m[Kâ€™?
[4.623s]    37 |   void result_callback_(rclcpp::Client<[01;31m[Kexample_interfacese[m[K::srv::AddTwoInts>::SharedFuture result_future){
[4.623s]       |                                        [01;31m[K^~~~~~~~~~~~~~~~~~~[m[K
[4.623s]       |                                        [32m[Kexample_interfaces[m[K
[4.624s] [01m[K/home/ros2/d2lros2/chapt3/chapt3_ws/src/example_service_rclcpp/src/service_client_01.cpp:37:76:[m[K [01;31m[Kerror: [m[Ktemplate argument 1 is invalid
[4.624s]    37 |   void result_callback_(rclcpp::Client<example_interfacese::srv::AddTwoInts[01;31m[K>[m[K::SharedFuture result_future){
[4.624s]       |                                                                            [01;31m[K^[m[K
[4.639s] [01m[K/home/ros2/d2lros2/chapt3/chapt3_ws/src/example_service_rclcpp/src/service_client_01.cpp:37:40:[m[K [01;31m[Kerror: [m[Kâ€˜[01m[Kexample_interfacese[m[Kâ€™ was not declared in this scope; did you mean â€˜[01m[Kexample_interfaces[m[Kâ€™?
[4.639s]    37 |   void result_callback_(rclcpp::Client<[01;31m[Kexample_interfacese[m[K::srv::AddTwoInts>::SharedFuture result_future){
[4.639s]       |                                        [01;31m[K^~~~~~~~~~~~~~~~~~~[m[K
[4.640s]       |                                        [32m[Kexample_interfaces[m[K
[4.640s] [01m[K/home/ros2/d2lros2/chapt3/chapt3_ws/src/example_service_rclcpp/src/service_client_01.cpp:37:76:[m[K [01;31m[Kerror: [m[Ktemplate argument 1 is invalid
[4.640s]    37 |   void result_callback_(rclcpp::Client<example_interfacese::srv::AddTwoInts[01;31m[K>[m[K::SharedFuture result_future){
[4.641s]       |                                                                            [01;31m[K^[m[K
[4.641s] [01m[K/home/ros2/d2lros2/chapt3/chapt3_ws/src/example_service_rclcpp/src/service_client_01.cpp:37:25:[m[K [01;31m[Kerror: [m[Kinvalid template-id
[4.641s]    37 |   void result_callback_([01;31m[Krclcpp[m[K::Client<example_interfacese::srv::AddTwoInts>::SharedFuture result_future){
[4.641s]       |                         [01;31m[K^~~~~~[m[K
[4.641s] [01m[K/home/ros2/d2lros2/chapt3/chapt3_ws/src/example_service_rclcpp/src/service_client_01.cpp:37:40:[m[K [01;31m[Kerror: [m[Kâ€˜[01m[Kexample_interfacese[m[Kâ€™ has not been declared
[4.641s]    37 |   void result_callback_(rclcpp::Client<[01;31m[Kexample_interfacese[m[K::srv::AddTwoInts>::SharedFuture result_future){
[4.641s]       |                                        [01;31m[K^~~~~~~~~~~~~~~~~~~[m[K
[4.642s] [01m[K/home/ros2/d2lros2/chapt3/chapt3_ws/src/example_service_rclcpp/src/service_client_01.cpp:37:92:[m[K [01;31m[Kerror: [m[Kexpected unqualified-id before â€˜[01m[Kresult_future[m[Kâ€™
[4.642s]    37 |   void result_callback_(rclcpp::Client<example_interfacese::srv::AddTwoInts>::SharedFuture [01;31m[Kresult_future[m[K){
[4.642s]       |                                                                                            [01;31m[K^~~~~~~~~~~~~[m[K
[4.642s] [01m[K/home/ros2/d2lros2/chapt3/chapt3_ws/src/example_service_rclcpp/src/service_client_01.cpp:37:91:[m[K [01;31m[Kerror: [m[Kexpected â€˜[01m[K)[m[Kâ€™ before â€˜[01m[Kresult_future[m[Kâ€™
[4.643s]    37 |   void result_callback_[34m[K([m[Krclcpp::Client<example_interfacese::srv::AddTwoInts>::SharedFuture[01;31m[K [m[K[32m[Kresult_future[m[K){
[4.643s]       |                        [34m[K~[m[K                                                                  [01;31m[K^[m[K[32m[K~~~~~~~~~~~~~[m[K
[4.643s]       |                                                                                           [32m[K)[m[K
[4.643s] [01m[K/home/ros2/d2lros2/chapt3/chapt3_ws/src/example_service_rclcpp/src/service_client_01.cpp:37:79:[m[K [01;31m[Kerror: [m[Kexpected â€˜[01m[K;[m[Kâ€™ at end of member declaration
[4.643s]    37 |   void result_callback_(rclcpp::Client<example_interfacese::srv::AddTwoInts>::[01;31m[KSharedFuture[m[K result_future){
[4.643s]       |                                                                               [01;31m[K^~~~~~~~~~~~[m[K
[4.644s]       |                                                                                           [32m[K;[m[K
[4.644s] [01m[K/home/ros2/d2lros2/chapt3/chapt3_ws/src/example_service_rclcpp/src/service_client_01.cpp:37:92:[m[K [01;31m[Kerror: [m[Kâ€˜[01m[Kresult_future[m[Kâ€™ does not name a type
[4.644s]    37 |   void result_callback_(rclcpp::Client<example_interfacese::srv::AddTwoInts>::SharedFuture [01;31m[Kresult_future[m[K){
[4.645s]       |                                                                                            [01;31m[K^~~~~~~~~~~~~[m[K
[4.655s] [01m[K/home/ros2/d2lros2/chapt3/chapt3_ws/src/example_service_rclcpp/src/service_client_01.cpp:[m[K In constructor â€˜[01m[KServiceClient01::ServiceClient01(std::string)[m[Kâ€™:
[4.655s] [01m[K/home/ros2/d2lros2/chapt3/chapt3_ws/src/example_service_rclcpp/src/service_client_01.cpp:10:35:[m[K [01;31m[Kerror: [m[Kâ€˜[01m[Kexample_interface[m[Kâ€™ was not declared in this scope; did you mean â€˜[01m[Kexample_interfaces[m[Kâ€™?
[4.655s]    10 |     client_ = this->create_client<[01;31m[Kexample_interface[m[K::srv::AddTwoInts>("add_two_ints_srv");
[4.656s]       |                                   [01;31m[K^~~~~~~~~~~~~~~~~[m[K
[4.656s]       |                                   [32m[Kexample_interfaces[m[K
[4.656s] [01m[K/home/ros2/d2lros2/chapt3/chapt3_ws/src/example_service_rclcpp/src/service_client_01.cpp:10:21:[m[K [01;31m[Kerror: [m[Kparse error in template argument list
[4.656s]    10 |     client_ = this->[01;31m[Kcreate_client<example_interface::srv::AddTwoInts>[m[K("add_two_ints_srv");
[4.657s]       |                     [01;31m[K^~~~~~~~~~~~~~~~~~~~~~~~~~~~~~~~~~~~~~~~~~~~~~~~~[m[K
[4.657s] [01m[K/home/ros2/d2lros2/chapt3/chapt3_ws/src/example_service_rclcpp/src/service_client_01.cpp:10:70:[m[K [01;31m[Kerror: [m[Kno matching function for call to â€˜[01m[KServiceClient01::create_client<<expression error> >(const char [17])[m[Kâ€™
[4.657s]    10 |     client_ = [01;31m[Kthis->create_client<example_interface::srv::AddTwoInts>("add_two_ints_srv")[m[K;
[4.657s]       |               [01;31m[K~~~~~~~~~~~~~~~~~~~~~~~~~~~~~~~~~~~~~~~~~~~~~~~~~~~~~~~^~~~~~~~~~~~~~~~~~~~[m[K
[4.658s] In file included from [01m[K/opt/ros/humble/include/rclcpp/rclcpp/executors/single_threaded_executor.hpp:28[m[K,
[4.658s]                  from [01m[K/opt/ros/humble/include/rclcpp/rclcpp/executors.hpp:22[m[K,
[4.658s]                  from [01m[K/opt/ros/humble/include/rclcpp/rclcpp/rclcpp.hpp:155[m[K,
[4.658s]                  from [01m[K/home/ros2/d2lros2/chapt3/chapt3_ws/src/example_service_rclcpp/src/service_client_01.cpp:1[m[K:
[4.658s] [01m[K/opt/ros/humble/include/rclcpp/rclcpp/node.hpp:252:3:[m[K [01;36m[Knote: [m[Kcandidate: â€˜[01m[Ktemplate<class ServiceT> typename rclcpp::Client<ServiceT>::SharedPtr rclcpp::Node::create_client(const string&, const rmw_qos_profile_t&, rclcpp::CallbackGroup::SharedPtr)[m[Kâ€™
[4.659s]   252 |   [01;36m[Kcreate_client[m[K(
[4.667s]       |   [01;36m[K^~~~~~~~~~~~~[m[K
[4.667s] [01m[K/opt/ros/humble/include/rclcpp/rclcpp/node.hpp:252:3:[m[K [01;36m[Knote: [m[K  template argument deduction/substitution failed:
[4.668s] [01m[K/home/ros2/d2lros2/chapt3/chapt3_ws/src/example_service_rclcpp/src/service_client_01.cpp:10:70:[m[K [01;31m[Kerror: [m[Ktemplate argument 1 is invalid
[4.668s]    10 |     client_ = [01;31m[Kthis->create_client<example_interface::srv::AddTwoInts>("add_two_ints_srv")[m[K;
[4.668s]       |               [01;31m[K~~~~~~~~~~~~~~~~~~~~~~~~~~~~~~~~~~~~~~~~~~~~~~~~~~~~~~~^~~~~~~~~~~~~~~~~~~~[m[K
[4.673s] [01m[K/home/ros2/d2lros2/chapt3/chapt3_ws/src/example_service_rclcpp/src/service_client_01.cpp:[m[K In member function â€˜[01m[Kvoid ServiceClient01::send_request(int, int)[m[Kâ€™:
[4.673s] [01m[K/home/ros2/d2lros2/chapt3/chapt3_ws/src/example_service_rclcpp/src/service_client_01.cpp:27:5:[m[K [01;31m[Kerror: [m[Kâ€˜[01m[Krequest[m[Kâ€™ was not declared in this scope; did you mean â€˜[01m[Krequests[m[Kâ€™?
[4.673s]    27 |     [01;31m[Krequest[m[K->a = a;
[4.673s]       |     [01;31m[K^~~~~~~[m[K
[4.674s]       |     [32m[Krequests[m[K
[5.622s] gmake[2]: *** [CMakeFiles/service_client_01.dir/build.make:76: CMakeFiles/service_client_01.dir/src/service_client_01.cpp.o] Error 1
[5.622s] gmake[1]: *** [CMakeFiles/Makefile2:139: CMakeFiles/service_client_01.dir/all] Error 2
[5.623s] gmake: *** [Makefile:146: all] Error 2
[5.629s] Invoked command in '/home/ros2/d2lros2/chapt3/chapt3_ws/build/example_service_rclcpp' returned '2': CMAKE_PREFIX_PATH=${CMAKE_PREFIX_PATH}:/opt/ros/humble /usr/bin/cmake --build /home/ros2/d2lros2/chapt3/chapt3_ws/build/example_service_rclcpp -- -j4 -l4
