[0.138s] Invoking command in '/home/ros2/d2lros2/chapt3/chapt3_ws/build/example_topic_rclcpp': CMAKE_PREFIX_PATH=${CMAKE_PREFIX_PATH}:/opt/ros/humble /usr/bin/cmake --build /home/ros2/d2lros2/chapt3/chapt3_ws/build/example_topic_rclcpp -- -j4 -l4
[0.295s] [35m[1mConsolidate compiler generated dependencies of target topic_subscribe_01[0m
[0.330s] [ 50%] Built target topic_publisher_01
[0.345s] [ 75%] [32mBuilding CXX object CMakeFiles/topic_subscribe_01.dir/src/topic_subscribe_01.cpp.o[0m
[4.463s] [01m[K/home/ros2/d2lros2/chapt3/chapt3_ws/src/example_topic_rclcpp/src/topic_subscribe_01.cpp:16:26:[m[K [01;31m[Kerror: [m[Kâ€˜[01m[Kstd_msgs[m[Kâ€™ was not declared in this scope
[4.463s]    16 |     rclcpp::Subscription<[01;31m[Kstd_msgs[m[K::msg::String>::SharedPtr command_subscribe_;
[4.463s]       |                          [01;31m[K^~~~~~~~[m[K
[4.463s] [01m[K/home/ros2/d2lros2/chapt3/chapt3_ws/src/example_topic_rclcpp/src/topic_subscribe_01.cpp:16:47:[m[K [01;31m[Kerror: [m[Ktemplate argument 1 is invalid
[4.464s]    16 |     rclcpp::Subscription<std_msgs::msg::String[01;31m[K>[m[K::SharedPtr command_subscribe_;
[4.464s]       |                                               [01;31m[K^[m[K
[4.464s] [01m[K/home/ros2/d2lros2/chapt3/chapt3_ws/src/example_topic_rclcpp/src/topic_subscribe_01.cpp:16:47:[m[K [01;31m[Kerror: [m[Ktemplate argument 3 is invalid
[4.464s] [01m[K/home/ros2/d2lros2/chapt3/chapt3_ws/src/example_topic_rclcpp/src/topic_subscribe_01.cpp:16:47:[m[K [01;31m[Kerror: [m[Ktemplate argument 4 is invalid
[4.464s] [01m[K/home/ros2/d2lros2/chapt3/chapt3_ws/src/example_topic_rclcpp/src/topic_subscribe_01.cpp:16:47:[m[K [01;31m[Kerror: [m[Ktemplate argument 5 is invalid
[4.464s] [01m[K/home/ros2/d2lros2/chapt3/chapt3_ws/src/example_topic_rclcpp/src/topic_subscribe_01.cpp:16:50:[m[K [01;31m[Kerror: [m[Kexpected â€˜[01m[K;[m[Kâ€™ at end of member declaration
[4.464s]    16 |     rclcpp::Subscription<std_msgs::msg::String>::[01;31m[KSharedPtr[m[K command_subscribe_;
[4.465s]       |                                                  [01;31m[K^~~~~~~~~[m[K
[4.465s]       |                                                           [32m[K;[m[K
[4.467s] [01m[K/home/ros2/d2lros2/chapt3/chapt3_ws/src/example_topic_rclcpp/src/topic_subscribe_01.cpp:16:60:[m[K [01;31m[Kerror: [m[Kâ€˜[01m[Kcommand_subscribe_[m[Kâ€™ does not name a type
[4.468s]    16 |     rclcpp::Subscription<std_msgs::msg::String>::SharedPtr [01;31m[Kcommand_subscribe_[m[K;
[4.468s]       |                                                            [01;31m[K^~~~~~~~~~~~~~~~~~[m[K
[4.470s] [01m[K/home/ros2/d2lros2/chapt3/chapt3_ws/src/example_topic_rclcpp/src/topic_subscribe_01.cpp:18:33:[m[K [01;31m[Kerror: [m[Kâ€˜[01m[Kstd_msgs[m[Kâ€™ does not name a type
[4.470s]    18 |     void command_callback(const [01;31m[Kstd_msgs[m[K::msg::String::SharedPtr msg){
[4.470s]       |                                 [01;31m[K^~~~~~~~[m[K
[4.470s] [01m[K/home/ros2/d2lros2/chapt3/chapt3_ws/src/example_topic_rclcpp/src/topic_subscribe_01.cpp:18:46:[m[K [01;31m[Kerror: [m[Kexpected unqualified-id before â€˜[01m[K::[m[Kâ€™ token
[4.470s]    18 |     void command_callback(const std_msgs::msg[01;31m[K::[m[KString::SharedPtr msg){
[4.471s]       |                                              [01;31m[K^~[m[K
[4.471s] [01m[K/home/ros2/d2lros2/chapt3/chapt3_ws/src/example_topic_rclcpp/src/topic_subscribe_01.cpp:18:46:[m[K [01;31m[Kerror: [m[Kexpected â€˜[01m[K)[m[Kâ€™ before â€˜[01m[K::[m[Kâ€™ token
[4.471s]    18 |     void command_callback[34m[K([m[Kconst std_msgs::msg[01;31m[K:[m[K[32m[K:[m[KString::SharedPtr msg){
[4.471s]       |                          [34m[K~[m[K                   [01;31m[K^[m[K[32m[K~[m[K
[4.471s]       |                                              [32m[K)[m[K
[4.471s] [01m[K/home/ros2/d2lros2/chapt3/chapt3_ws/src/example_topic_rclcpp/src/topic_subscribe_01.cpp:18:43:[m[K [01;31m[Kerror: [m[Kexpected â€˜[01m[K;[m[Kâ€™ at end of member declaration
[4.471s]    18 |     void command_callback(const std_msgs::[01;31m[Kmsg[m[K::String::SharedPtr msg){
[4.471s]       |                                           [01;31m[K^~~[m[K
[4.471s]       |                                              [32m[K;[m[K
[4.472s] [01m[K/home/ros2/d2lros2/chapt3/chapt3_ws/src/example_topic_rclcpp/src/topic_subscribe_01.cpp:18:48:[m[K [01;31m[Kerror: [m[Kâ€˜[01m[KString[m[Kâ€™ in namespace â€˜[01m[K::[m[Kâ€™ does not name a type
[4.473s]    18 |     void command_callback(const std_msgs::msg::[01;31m[KString[m[K::SharedPtr msg){
[4.473s]       |                                                [01;31m[K^~~~~~[m[K
[4.486s] [01m[K/home/ros2/d2lros2/chapt3/chapt3_ws/src/example_topic_rclcpp/src/topic_subscribe_01.cpp:[m[K In constructor â€˜[01m[KTopicSubscribe01::TopicSubscribe01(std::string)[m[Kâ€™:
[4.486s] [01m[K/home/ros2/d2lros2/chapt3/chapt3_ws/src/example_topic_rclcpp/src/topic_subscribe_01.cpp:10:9:[m[K [01;31m[Kerror: [m[Kâ€˜[01m[Kcommand_subscribe_[m[Kâ€™ was not declared in this scope; did you mean â€˜[01m[Kcount_subscribers[m[Kâ€™?
[4.487s]    10 |         [01;31m[Kcommand_subscribe_[m[K = this->create_subscription<std_msgs::msg::String>("sexy_girl", 10, std::bind(&TopicSubscribe01::command_callback, this, std::placeholders::_1));
[4.487s]       |         [01;31m[K^~~~~~~~~~~~~~~~~~[m[K
[4.487s]       |         [32m[Kcount_subscribers[m[K
[4.494s] [01m[K/home/ros2/d2lros2/chapt3/chapt3_ws/src/example_topic_rclcpp/src/topic_subscribe_01.cpp:10:56:[m[K [01;31m[Kerror: [m[Kâ€˜[01m[Kstd_msgs[m[Kâ€™ was not declared in this scope
[4.494s]    10 |         command_subscribe_ = this->create_subscription<[01;31m[Kstd_msgs[m[K::msg::String>("sexy_girl", 10, std::bind(&TopicSubscribe01::command_callback, this, std::placeholders::_1));
[4.494s]       |                                                        [01;31m[K^~~~~~~~[m[K
[4.494s] [01m[K/home/ros2/d2lros2/chapt3/chapt3_ws/src/example_topic_rclcpp/src/topic_subscribe_01.cpp:10:36:[m[K [01;31m[Kerror: [m[Kparse error in template argument list
[4.494s]    10 |         command_subscribe_ = this->[01;31m[Kcreate_subscription<std_msgs::msg::String>[m[K("sexy_girl", 10, std::bind(&TopicSubscribe01::command_callback, this, std::placeholders::_1));
[4.494s]       |                                    [01;31m[K^~~~~~~~~~~~~~~~~~~~~~~~~~~~~~~~~~~~~~~~~~[m[K
[4.502s] [01m[K/home/ros2/d2lros2/chapt3/chapt3_ws/src/example_topic_rclcpp/src/topic_subscribe_01.cpp:10:78:[m[K [01;31m[Kerror: [m[Kno matching function for call to â€˜[01m[KTopicSubscribe01::create_subscription<<expression error> >(const char [10], int, std::_Bind_helper<false, void (TopicSubscribe01::*)(...), TopicSubscribe01*, const std::_Placeholder<1>&>::type)[m[Kâ€™
[4.502s]    10 |         command_subscribe_ = [01;31m[Kthis->create_subscription<std_msgs::msg::String>("sexy_girl", 10, std::bind(&TopicSubscribe01::command_callback, this, std::placeholders::_1))[m[K;
[4.502s]       |                              [01;31m[K~~~~~~~~~~~~~~~~~~~~~~~~~~~~~~~~~~~~~~~~~~~~~~~~^~~~~~~~~~~~~~~~~~~~~~~~~~~~~~~~~~~~~~~~~~~~~~~~~~~~~~~~~~~~~~~~~~~~~~~~~~~~~~~~~~~~~~~~~~~~~~[m[K
[4.502s] In file included from [01m[K/opt/ros/humble/include/rclcpp/rclcpp/executors/single_threaded_executor.hpp:28[m[K,
[4.502s]                  from [01m[K/opt/ros/humble/include/rclcpp/rclcpp/executors.hpp:22[m[K,
[4.502s]                  from [01m[K/opt/ros/humble/include/rclcpp/rclcpp/rclcpp.hpp:155[m[K,
[4.502s]                  from [01m[K/home/ros2/d2lros2/chapt3/chapt3_ws/src/example_topic_rclcpp/src/topic_subscribe_01.cpp:1[m[K:
[4.503s] [01m[K/opt/ros/humble/include/rclcpp/rclcpp/node.hpp:219:3:[m[K [01;36m[Knote: [m[Kcandidate: â€˜[01m[Ktemplate<class MessageT, class CallbackT, class AllocatorT, class SubscriptionT, class MessageMemoryStrategyT> std::shared_ptr<ROSMessageT> rclcpp::Node::create_subscription(const string&, const rclcpp::QoS&, CallbackT&&, const rclcpp::SubscriptionOptionsWithAllocator<AllocatorT>&, typename MessageMemoryStrategyT::SharedPtr)[m[Kâ€™
[4.503s]   219 |   [01;36m[Kcreate_subscription[m[K(
[4.503s]       |   [01;36m[K^~~~~~~~~~~~~~~~~~~[m[K
[4.503s] [01m[K/opt/ros/humble/include/rclcpp/rclcpp/node.hpp:219:3:[m[K [01;36m[Knote: [m[K  template argument deduction/substitution failed:
[4.503s] [01m[K/home/ros2/d2lros2/chapt3/chapt3_ws/src/example_topic_rclcpp/src/topic_subscribe_01.cpp:10:78:[m[K [01;31m[Kerror: [m[Ktemplate argument 1 is invalid
[4.503s]    10 |         command_subscribe_ = [01;31m[Kthis->create_subscription<std_msgs::msg::String>("sexy_girl", 10, std::bind(&TopicSubscribe01::command_callback, this, std::placeholders::_1))[m[K;
[4.503s]       |                              [01;31m[K~~~~~~~~~~~~~~~~~~~~~~~~~~~~~~~~~~~~~~~~~~~~~~~~^~~~~~~~~~~~~~~~~~~~~~~~~~~~~~~~~~~~~~~~~~~~~~~~~~~~~~~~~~~~~~~~~~~~~~~~~~~~~~~~~~~~~~~~~~~~~~[m[K
[5.238s] gmake[2]: *** [CMakeFiles/topic_subscribe_01.dir/build.make:76: CMakeFiles/topic_subscribe_01.dir/src/topic_subscribe_01.cpp.o] Error 1
[5.241s] gmake[1]: *** [CMakeFiles/Makefile2:165: CMakeFiles/topic_subscribe_01.dir/all] Error 2
[5.241s] gmake: *** [Makefile:146: all] Error 2
[5.243s] Invoked command in '/home/ros2/d2lros2/chapt3/chapt3_ws/build/example_topic_rclcpp' returned '2': CMAKE_PREFIX_PATH=${CMAKE_PREFIX_PATH}:/opt/ros/humble /usr/bin/cmake --build /home/ros2/d2lros2/chapt3/chapt3_ws/build/example_topic_rclcpp -- -j4 -l4
