[0.143s] Invoking command in '/home/ros2/d2lros2/chapter2/chapt2_ws/build/example_cpp': CMAKE_PREFIX_PATH=/opt/ros/humble /usr/bin/cmake /home/ros2/d2lros2/chapter2/chapt2_ws/src/example_cpp -DCMAKE_INSTALL_PREFIX=/home/ros2/d2lros2/chapter2/chapt2_ws/install/example_cpp
[0.295s] -- The C compiler identification is GNU 11.4.0
[0.410s] -- The CXX compiler identification is GNU 11.4.0
[0.426s] -- Detecting C compiler ABI info
[0.584s] -- Detecting C compiler ABI info - done
[0.599s] -- Check for working C compiler: /usr/bin/cc - skipped
[0.599s] -- Detecting C compile features
[0.600s] -- Detecting C compile features - done
[0.607s] -- Detecting CXX compiler ABI info
[0.799s] -- Detecting CXX compiler ABI info - done
[0.815s] -- Check for working CXX compiler: /usr/bin/c++ - skipped
[0.815s] -- Detecting CXX compile features
[0.816s] -- Detecting CXX compile features - done
[0.842s] -- Found ament_cmake: 1.3.5 (/opt/ros/humble/share/ament_cmake/cmake)
[1.153s] -- Found Python3: /usr/bin/python3.10 (found version "3.10.12") found components: Interpreter 
[1.354s] -- Found rclcpp: 16.0.6 (/opt/ros/humble/share/rclcpp/cmake)
[1.483s] -- Found rosidl_generator_c: 3.1.5 (/opt/ros/humble/share/rosidl_generator_c/cmake)
[1.500s] -- Found rosidl_adapter: 3.1.5 (/opt/ros/humble/share/rosidl_adapter/cmake)
[1.524s] -- Found rosidl_generator_cpp: 3.1.5 (/opt/ros/humble/share/rosidl_generator_cpp/cmake)
[1.572s] -- Using all available rosidl_typesupport_c: rosidl_typesupport_fastrtps_c;rosidl_typesupport_introspection_c
[1.627s] -- Using all available rosidl_typesupport_cpp: rosidl_typesupport_fastrtps_cpp;rosidl_typesupport_introspection_cpp
[1.803s] -- Found rmw_implementation_cmake: 6.1.1 (/opt/ros/humble/share/rmw_implementation_cmake/cmake)
[1.811s] -- Found rmw_fastrtps_cpp: 6.2.4 (/opt/ros/humble/share/rmw_fastrtps_cpp/cmake)
[2.073s] -- Found OpenSSL: /usr/lib/x86_64-linux-gnu/libcrypto.so (found version "3.0.2")  
[2.127s] -- Found FastRTPS: /opt/ros/humble/include  
[2.229s] -- Using RMW implementation 'rmw_fastrtps_cpp' as default
[2.259s] -- Looking for pthread.h
[2.419s] -- Looking for pthread.h - found
[2.420s] -- Performing Test CMAKE_HAVE_LIBC_PTHREAD
[2.587s] -- Performing Test CMAKE_HAVE_LIBC_PTHREAD - Success
[2.591s] -- Found Threads: TRUE  
[2.926s] -- Found ament_lint_auto: 0.12.8 (/opt/ros/humble/share/ament_lint_auto/cmake)
[3.113s] -- Added test 'cppcheck' to perform static code analysis on C / C++ code
[3.114s] -- Configured cppcheck include dirs: 
[3.114s] -- Configured cppcheck exclude dirs and/or files: 
[3.118s] -- Added test 'lint_cmake' to check CMake code style
[3.121s] -- Added test 'uncrustify' to check C / C++ code style
[3.121s] -- Configured uncrustify additional arguments: 
[3.124s] -- Added test 'xmllint' to check XML markup files
[3.131s] -- Configuring done
[3.153s] -- Generating done
[3.160s] -- Build files have been written to: /home/ros2/d2lros2/chapter2/chapt2_ws/build/example_cpp
[3.183s] Invoked command in '/home/ros2/d2lros2/chapter2/chapt2_ws/build/example_cpp' returned '0': CMAKE_PREFIX_PATH=/opt/ros/humble /usr/bin/cmake /home/ros2/d2lros2/chapter2/chapt2_ws/src/example_cpp -DCMAKE_INSTALL_PREFIX=/home/ros2/d2lros2/chapter2/chapt2_ws/install/example_cpp
[3.185s] Invoking command in '/home/ros2/d2lros2/chapter2/chapt2_ws/build/example_cpp': CMAKE_PREFIX_PATH=/opt/ros/humble /usr/bin/cmake --build /home/ros2/d2lros2/chapter2/chapt2_ws/build/example_cpp -- -j4 -l4
[3.301s] [ 50%] [32mBuilding CXX object CMakeFiles/node_01.dir/src/node_01.cpp.o[0m
[3.344s] [100%] [32m[1mLinking CXX executable node_01[0m
[3.494s] /usr/bin/ld: /usr/lib/gcc/x86_64-linux-gnu/11/../../../x86_64-linux-gnu/Scrt1.o: in function `_start':
[3.494s] (.text+0x1b): undefined reference to `main'
[3.496s] collect2: error: ld returned 1 exit status
[3.501s] gmake[2]: *** [CMakeFiles/node_01.dir/build.make:151: node_01] Error 1
[3.503s] gmake[1]: *** [CMakeFiles/Makefile2:137: CMakeFiles/node_01.dir/all] Error 2
[3.503s] gmake: *** [Makefile:146: all] Error 2
[3.509s] Invoked command in '/home/ros2/d2lros2/chapter2/chapt2_ws/build/example_cpp' returned '2': CMAKE_PREFIX_PATH=/opt/ros/humble /usr/bin/cmake --build /home/ros2/d2lros2/chapter2/chapt2_ws/build/example_cpp -- -j4 -l4
