[35m[1mConsolidate compiler generated dependencies of target service_client_01[0m
[ 50%] Built target service_server_01
[ 75%] [32mBuilding CXX object CMakeFiles/service_client_01.dir/src/service_client_01.cpp.o[0m
[01m[K/home/ros2/d2lros2/chapt3/chapt3_ws/src/example_service_rclcpp/src/service_client_01.cpp:[m[K In member function â€˜[01m[Kvoid ServiceClient01::send_request(int, int)[m[Kâ€™:
[01m[K/home/ros2/d2lros2/chapt3/chapt3_ws/src/example_service_rclcpp/src/service_client_01.cpp:32:33:[m[K [01;31m[Kerror: [m[Kâ€˜[01m[Krequest[m[Kâ€™ was not declared in this scope; did you mean â€˜[01m[Krequests[m[Kâ€™?
   32 |     client_->async_send_request([01;31m[Krequest[m[K,std::bind(&ServiceClient01::result_callback_,this,std::placeholders::_1));
      |                                 [01;31m[K^~~~~~~[m[K
      |                                 [32m[Krequests[m[K
gmake[2]: *** [CMakeFiles/service_client_01.dir/build.make:76: CMakeFiles/service_client_01.dir/src/service_client_01.cpp.o] Error 1
gmake[1]: *** [CMakeFiles/Makefile2:139: CMakeFiles/service_client_01.dir/all] Error 2
gmake: *** [Makefile:146: all] Error 2
