[0.137s] Invoking command in '/home/ros2/d2lros2/chapt3/chapt3_ws/build/example_service_rclcpp': CMAKE_PREFIX_PATH=${CMAKE_PREFIX_PATH}:/opt/ros/humble /usr/bin/cmake --build /home/ros2/d2lros2/chapt3/chapt3_ws/build/example_service_rclcpp -- -j4 -l4
[0.240s] [35m[1mConsolidate compiler generated dependencies of target service_client_01[0m
[0.286s] [ 50%] Built target service_server_01
[0.296s] [ 75%] [32mBuilding CXX object CMakeFiles/service_client_01.dir/src/service_client_01.cpp.o[0m
[4.994s] [01m[K/home/ros2/d2lros2/chapt3/chapt3_ws/src/example_service_rclcpp/src/service_client_01.cpp:[m[K In member function â€˜[01m[Kvoid ServiceClient01::send_request(int, int)[m[Kâ€™:
[4.995s] [01m[K/home/ros2/d2lros2/chapt3/chapt3_ws/src/example_service_rclcpp/src/service_client_01.cpp:32:33:[m[K [01;31m[Kerror: [m[Kâ€˜[01m[Krequest[m[Kâ€™ was not declared in this scope; did you mean â€˜[01m[Krequests[m[Kâ€™?
[4.995s]    32 |     client_->async_send_request([01;31m[Krequest[m[K,std::bind(&ServiceClient01::result_callback_,this,std::placeholders::_1));
[4.995s]       |                                 [01;31m[K^~~~~~~[m[K
[4.995s]       |                                 [32m[Krequests[m[K
[6.090s] gmake[2]: *** [CMakeFiles/service_client_01.dir/build.make:76: CMakeFiles/service_client_01.dir/src/service_client_01.cpp.o] Error 1
[6.090s] gmake[1]: *** [CMakeFiles/Makefile2:139: CMakeFiles/service_client_01.dir/all] Error 2
[6.090s] gmake: *** [Makefile:146: all] Error 2
[6.096s] Invoked command in '/home/ros2/d2lros2/chapt3/chapt3_ws/build/example_service_rclcpp' returned '2': CMAKE_PREFIX_PATH=${CMAKE_PREFIX_PATH}:/opt/ros/humble /usr/bin/cmake --build /home/ros2/d2lros2/chapt3/chapt3_ws/build/example_service_rclcpp -- -j4 -l4
